<?xml version="1.0" encoding="UTF-8"?>
<coverage generated="1728091333987" clover="3.2.0">
  <project timestamp="1728091333987" name="All files">
    <metrics statements="6" coveredstatements="6" conditionals="2" coveredconditionals="2" methods="2" coveredmethods="2" elements="10" coveredelements="10" complexity="0" loc="6" ncloc="6" packages="1" files="2" classes="2"/>
    <file name="multiply.js" path="C:\Users\Astye\OneDrive\Documents\Fall 2024\CSE_350$\itm350--astyer22--test\multiply.js">
      <metrics statements="2" coveredstatements="2" conditionals="0" coveredconditionals="0" methods="1" coveredmethods="1"/>
      <line num="3" count="1" type="stmt"/>
      <line num="6" count="1" type="stmt"/>
    </file>
    <file name="parameter-range.js" path="C:\Users\Astye\OneDrive\Documents\Fall 2024\CSE_350$\itm350--astyer22--test\parameter-range.js">
      <metrics statements="4" coveredstatements="4" conditionals="2" coveredconditionals="2" methods="1" coveredmethods="1"/>
      <line num="3" count="6" type="cond" truecount="2" falsecount="0"/>
      <line num="4" count="2" type="stmt"/>
      <line num="7" count="4" type="stmt"/>
      <line num="12" count="1" type="stmt"/>
    </file>
  </project>
</coverage>
