{"C:\\Users\\Astye\\OneDrive\\Documents\\Fall 2024\\CSE_350$\\itm350--astyer22--test\\multiply.js": {"path":"C:\\Users\\Astye\\OneDrive\\Documents\\Fall 2024\\CSE_350$\\itm350--astyer22--test\\multiply.js","statementMap":{"0":{"start":{"line":3,"column":4},"end":{"line":3,"column":17}},"1":{"start":{"line":6,"column":0},"end":{"line":6,"column":26}}},"fnMap":{"0":{"name":"multiply","decl":{"start":{"line":2,"column":9},"end":{"line":2,"column":17}},"loc":{"start":{"line":2,"column":24},"end":{"line":4,"column":1}},"line":2}},"branchMap":{},"s":{"0":1,"1":1},"f":{"0":1},"b":{},"_coverageSchema":"1a1c01bbd47fc00a2c39e90264f33305004495a9","hash":"00f19fefbfcf81fb6479a77028971523d23393f2"}
,"C:\\Users\\Astye\\OneDrive\\Documents\\Fall 2024\\CSE_350$\\itm350--astyer22--test\\parameter-range.js": {"path":"C:\\Users\\Astye\\OneDrive\\Documents\\Fall 2024\\CSE_350$\\itm350--astyer22--test\\parameter-range.js","statementMap":{"0":{"start":{"line":3,"column":4},"end":{"line":5,"column":5}},"1":{"start":{"line":4,"column":8},"end":{"line":4,"column":69}},"2":{"start":{"line":7,"column":4},"end":{"line":7,"column":26}},"3":{"start":{"line":12,"column":0},"end":{"line":12,"column":33}}},"fnMap":{"0":{"name":"findSquareRoots","decl":{"start":{"line":2,"column":9},"end":{"line":2,"column":24}},"loc":{"start":{"line":2,"column":30},"end":{"line":8,"column":1}},"line":2}},"branchMap":{"0":{"loc":{"start":{"line":3,"column":4},"end":{"line":5,"column":5}},"type":"if","locations":[{"start":{"line":3,"column":4},"end":{"line":5,"column":5}},{"start":{},"end":{}}],"line":3}},"s":{"0":6,"1":2,"2":4,"3":1},"f":{"0":6},"b":{"0":[2,4]},"_coverageSchema":"1a1c01bbd47fc00a2c39e90264f33305004495a9","hash":"ab19e285071a90472016636c6ea0b5c3dddf468d"}
}
